<?xml version="1.0" encoding="UTF-8"?>
<!-- Generated by org.testng.reporters.JUnitReportReporter -->
<testsuite skipped="0" hostname="VR" name="testcases.Myntra" tests="1" failures="0" timestamp="31 Jul 2020 12:38:49 GMT" time="30.282" errors="0">
  <testcase name="womenCoatAndJackets" time="30.282" classname="testcases.Myntra"/>
</testsuite> <!-- testcases.Myntra -->
